# JRE version: Java(TM) SE Runtime Environment (8.0_171-b11) (build 1.8.0_171-b11)
# Java VM: Java HotSpot(TM) 64-Bit Server VM (25.171-b11 mixed mode windows-amd64 compressed oops)
Heap:
 PSYoungGen      total 219648K, used 147249K [0x00000000d5e00000, 0x00000000e5700000, 0x0000000100000000)
  eden space 205312K, 64% used [0x00000000d5e00000,0x00000000de008f20,0x00000000e2680000)
  from space 14336K, 98% used [0x00000000e4900000,0x00000000e56c37b8,0x00000000e5700000)
  to   space 17920K, 0% used [0x00000000e3400000,0x00000000e3400000,0x00000000e4580000)
 ParOldGen       total 78336K, used 23079K [0x0000000081a00000, 0x0000000086680000, 0x00000000d5e00000)
  object space 78336K, 29% used [0x0000000081a00000,0x0000000083089c38,0x0000000086680000)
 Metaspace       used 51685K, capacity 54022K, committed 54144K, reserved 1095680K
  class space    used 7047K, capacity 7478K, committed 7552K, reserved 1048576K
GC Heap History (10 events):
Event: 5.330 GC heap before
{Heap before GC invocations=6 (full 1):
 PSYoungGen      total 71680K, used 66560K [0x00000000d5e00000, 0x00000000da900000, 0x0000000100000000)
  eden space 66560K, 100% used [0x00000000d5e00000,0x00000000d9f00000,0x00000000d9f00000)
  from space 5120K, 0% used [0x00000000da400000,0x00000000da400000,0x00000000da900000)
  to   space 5120K, 0% used [0x00000000d9f00000,0x00000000d9f00000,0x00000000da400000)
 ParOldGen       total 46080K, used 4937K [0x0000000081a00000, 0x0000000084700000, 0x00000000d5e00000)
  object space 46080K, 10% used [0x0000000081a00000,0x0000000081ed25c8,0x0000000084700000)
 Metaspace       used 22015K, capacity 22714K, committed 22912K, reserved 1069056K
  class space    used 2918K, capacity 3088K, committed 3200K, reserved 1048576K
Event: 5.337 GC heap after
Heap after GC invocations=6 (full 1):
 PSYoungGen      total 71680K, used 4394K [0x00000000d5e00000, 0x00000000dea80000, 0x0000000100000000)
  eden space 66560K, 0% used [0x00000000d5e00000,0x00000000d5e00000,0x00000000d9f00000)
  from space 5120K, 85% used [0x00000000d9f00000,0x00000000da34a850,0x00000000da400000)
  to   space 9216K, 0% used [0x00000000de180000,0x00000000de180000,0x00000000dea80000)
 ParOldGen       total 46080K, used 4945K [0x0000000081a00000, 0x0000000084700000, 0x00000000d5e00000)
  object space 46080K, 10% used [0x0000000081a00000,0x0000000081ed45c8,0x0000000084700000)
 Metaspace       used 22015K, capacity 22714K, committed 22912K, reserved 1069056K
  class space    used 2918K, capacity 3088K, committed 3200K, reserved 1048576K
}
Event: 6.808 GC heap before
{Heap before GC invocations=7 (full 1):
 PSYoungGen      total 71680K, used 70954K [0x00000000d5e00000, 0x00000000dea80000, 0x0000000100000000)
  eden space 66560K, 100% used [0x00000000d5e00000,0x00000000d9f00000,0x00000000d9f00000)
  from space 5120K, 85% used [0x00000000d9f00000,0x00000000da34a850,0x00000000da400000)
  to   space 9216K, 0% used [0x00000000de180000,0x00000000de180000,0x00000000dea80000)
 ParOldGen       total 46080K, used 4945K [0x0000000081a00000, 0x0000000084700000, 0x00000000d5e00000)
  object space 46080K, 10% used [0x0000000081a00000,0x0000000081ed45c8,0x0000000084700000)
 Metaspace       used 25935K, capacity 26886K, committed 27136K, reserved 1073152K
  class space    used 3500K, capacity 3728K, committed 3840K, reserved 1048576K
Event: 6.819 GC heap after
Heap after GC invocations=7 (full 1):
 PSYoungGen      total 132608K, used 8666K [0x00000000d5e00000, 0x00000000dea80000, 0x0000000100000000)
  eden space 123392K, 0% used [0x00000000d5e00000,0x00000000d5e00000,0x00000000dd680000)
  from space 9216K, 94% used [0x00000000de180000,0x00000000de9f6918,0x00000000dea80000)
  to   space 10240K, 0% used [0x00000000dd680000,0x00000000dd680000,0x00000000de080000)
 ParOldGen       total 46080K, used 4953K [0x0000000081a00000, 0x0000000084700000, 0x00000000d5e00000)
  object space 46080K, 10% used [0x0000000081a00000,0x0000000081ed65c8,0x0000000084700000)
 Metaspace       used 25935K, capacity 26886K, committed 27136K, reserved 1073152K
  class space    used 3500K, capacity 3728K, committed 3840K, reserved 1048576K
}
Event: 11.387 GC heap before
{Heap before GC invocations=8 (full 1):
 PSYoungGen      total 132608K, used 131955K [0x00000000d5e00000, 0x00000000dea80000, 0x0000000100000000)
  eden space 123392K, 99% used [0x00000000d5e00000,0x00000000dd666668,0x00000000dd680000)
  from space 9216K, 94% used [0x00000000de180000,0x00000000de9f6918,0x00000000dea80000)
  to   space 10240K, 0% used [0x00000000dd680000,0x00000000dd680000,0x00000000de080000)
 ParOldGen       total 46080K, used 4953K [0x0000000081a00000, 0x0000000084700000, 0x00000000d5e00000)
  object space 46080K, 10% used [0x0000000081a00000,0x0000000081ed65c8,0x0000000084700000)
 Metaspace       used 33950K, capacity 35350K, committed 35456K, reserved 1079296K
  class space    used 4688K, capacity 4990K, committed 4992K, reserved 1048576K
Event: 11.407 GC heap after
Heap after GC invocations=8 (full 1):
 PSYoungGen      total 133632K, used 10224K [0x00000000d5e00000, 0x00000000e5900000, 0x0000000100000000)
  eden space 123392K, 0% used [0x00000000d5e00000,0x00000000d5e00000,0x00000000dd680000)
  from space 10240K, 99% used [0x00000000dd680000,0x00000000de07c348,0x00000000de080000)
  to   space 16384K, 0% used [0x00000000e4900000,0x00000000e4900000,0x00000000e5900000)
 ParOldGen       total 46080K, used 13640K [0x0000000081a00000, 0x0000000084700000, 0x00000000d5e00000)
  object space 46080K, 29% used [0x0000000081a00000,0x0000000082752048,0x0000000084700000)
 Metaspace       used 33950K, capacity 35350K, committed 35456K, reserved 1079296K
  class space    used 4688K, capacity 4990K, committed 4992K, reserved 1048576K
}
Event: 11.407 GC heap before
{Heap before GC invocations=9 (full 2):
 PSYoungGen      total 133632K, used 10224K [0x00000000d5e00000, 0x00000000e5900000, 0x0000000100000000)
  eden space 123392K, 0% used [0x00000000d5e00000,0x00000000d5e00000,0x00000000dd680000)
  from space 10240K, 99% used [0x00000000dd680000,0x00000000de07c348,0x00000000de080000)
  to   space 16384K, 0% used [0x00000000e4900000,0x00000000e4900000,0x00000000e5900000)
 ParOldGen       total 46080K, used 13640K [0x0000000081a00000, 0x0000000084700000, 0x00000000d5e00000)
  object space 46080K, 29% used [0x0000000081a00000,0x0000000082752048,0x0000000084700000)
 Metaspace       used 33950K, capacity 35350K, committed 35456K, reserved 1079296K
  class space    used 4688K, capacity 4990K, committed 4992K, reserved 1048576K
Event: 11.550 GC heap after
Heap after GC invocations=9 (full 2):
 PSYoungGen      total 133632K, used 0K [0x00000000d5e00000, 0x00000000e5900000, 0x0000000100000000)
  eden space 123392K, 0% used [0x00000000d5e00000,0x00000000d5e00000,0x00000000dd680000)
  from space 10240K, 0% used [0x00000000dd680000,0x00000000dd680000,0x00000000de080000)
  to   space 16384K, 0% used [0x00000000e4900000,0x00000000e4900000,0x00000000e5900000)
 ParOldGen       total 78336K, used 23071K [0x0000000081a00000, 0x0000000086680000, 0x00000000d5e00000)
  object space 78336K, 29% used [0x0000000081a00000,0x0000000083087c38,0x0000000086680000)
 Metaspace       used 33950K, capacity 35350K, committed 35456K, reserved 1079296K
  class space    used 4688K, capacity 4990K, committed 4992K, reserved 1048576K
}
Event: 155.745 GC heap before
{Heap before GC invocations=10 (full 2):
 PSYoungGen      total 133632K, used 123392K [0x00000000d5e00000, 0x00000000e5900000, 0x0000000100000000)
  eden space 123392K, 100% used [0x00000000d5e00000,0x00000000dd680000,0x00000000dd680000)
  from space 10240K, 0% used [0x00000000dd680000,0x00000000dd680000,0x00000000de080000)
  to   space 16384K, 0% used [0x00000000e4900000,0x00000000e4900000,0x00000000e5900000)
 ParOldGen       total 78336K, used 23071K [0x0000000081a00000, 0x0000000086680000, 0x00000000d5e00000)
  object space 78336K, 29% used [0x0000000081a00000,0x0000000083087c38,0x0000000086680000)
 Metaspace       used 44724K, capacity 46768K, committed 47104K, reserved 1089536K
  class space    used 6147K, capacity 6545K, committed 6656K, reserved 1048576K
Event: 155.763 GC heap after
Heap after GC invocations=10 (full 2):
 PSYoungGen      total 219648K, used 14093K [0x00000000d5e00000, 0x00000000e5700000, 0x0000000100000000)
  eden space 205312K, 0% used [0x00000000d5e00000,0x00000000d5e00000,0x00000000e2680000)
  from space 14336K, 98% used [0x00000000e4900000,0x00000000e56c37b8,0x00000000e5700000)
  to   space 17920K, 0% used [0x00000000e3400000,0x00000000e3400000,0x00000000e4580000)
 ParOldGen       total 78336K, used 23079K [0x0000000081a00000, 0x0000000086680000, 0x00000000d5e00000)
  object space 78336K, 29% used [0x0000000081a00000,0x0000000083089c38,0x0000000086680000)
 Metaspace       used 44724K, capacity 46768K, committed 47104K, reserved 1089536K
  class space    used 6147K, capacity 6545K, committed 6656K, reserved 1048576K
}

